<?xml version="1.0" encoding="UTF-8"?>
<!-- Generated by org.testng.reporters.JUnitReportReporter -->
<testsuite hostname="DESKTOP-5JQLAF6" failures="0" tests="1" name="RunAutomation" time="6.637" errors="0" timestamp="2025-02-28T22:35:07 BDT" skipped="0">
  <testcase classname="RunAutomation" name="setup" time="6.637"/>
  <system-out/>
</testsuite> <!-- RunAutomation -->
